[2021-09-28T11:27:10.227] [DEBUG] cheese - login => username:zs,password:123456
[2021-09-28T11:27:10.229] [DEBUG] cheese - zs
[2021-09-28T11:27:10.258] [DEBUG] cheese - null
[2021-09-28T11:27:10.258] [DEBUG] cheese - null
[2021-09-28T11:27:59.117] [DEBUG] cheese - login => username:admin,password:123456
[2021-09-28T11:27:59.118] [DEBUG] cheese - admin
[2021-09-28T11:27:59.124] [DEBUG] cheese - null
[2021-09-28T11:27:59.124] [DEBUG] cheese - null
[2021-09-28T17:45:56.489] [DEBUG] cheese - login => username:admin,password:123456
[2021-09-28T17:45:56.489] [DEBUG] cheese - admin
[2021-09-28T17:45:56.495] [DEBUG] cheese - null
[2021-09-28T17:45:56.495] [DEBUG] cheese - null
[2021-09-28T19:08:29.775] [DEBUG] cheese - login => username:admin,password:123456
[2021-09-28T19:08:29.775] [DEBUG] cheese - admin
[2021-09-28T19:08:29.779] [DEBUG] cheese - null
[2021-09-28T19:08:29.779] [DEBUG] cheese - null
[2021-09-29T15:42:10.335] [DEBUG] cheese - login => username:admin,password:123456
[2021-09-29T15:42:10.336] [DEBUG] cheese - admin
[2021-09-29T15:42:10.362] [DEBUG] cheese - null
[2021-09-29T15:42:10.362] [DEBUG] cheese - null
[2021-09-29T15:42:14.025] [DEBUG] cheese - login => username:admin,password:123456
[2021-09-29T15:42:14.026] [DEBUG] cheese - admin
[2021-09-29T15:42:14.028] [DEBUG] cheese - null
[2021-09-29T15:42:14.028] [DEBUG] cheese - null
[2021-09-29T15:42:17.787] [DEBUG] cheese - login => username:asd,password:123456
[2021-09-29T15:42:17.787] [DEBUG] cheese - asd
[2021-09-29T15:42:17.791] [DEBUG] cheese - null
[2021-09-29T15:42:17.791] [DEBUG] cheese - null
[2021-09-29T15:45:04.796] [DEBUG] cheese - login => username:admin,password:123456
[2021-09-29T15:45:04.796] [DEBUG] cheese - admin
[2021-09-29T15:45:04.801] [DEBUG] cheese - null
[2021-09-29T15:45:04.801] [DEBUG] cheese - null
[2021-09-29T15:46:26.249] [DEBUG] cheese - login => username:admin,password:123456
[2021-09-29T15:46:26.249] [DEBUG] cheese - admin
[2021-09-29T15:46:26.252] [DEBUG] cheese - null
[2021-09-29T15:46:26.252] [DEBUG] cheese - null
[2021-09-29T15:47:33.435] [DEBUG] cheese - login => username:admin,password:123456
[2021-09-29T15:47:33.435] [DEBUG] cheese - admin
[2021-09-29T15:47:33.438] [DEBUG] cheese - null
[2021-09-29T15:47:33.438] [DEBUG] cheese - null
[2021-09-29T15:47:37.352] [DEBUG] cheese - login => username:dfssd,password:123456
[2021-09-29T15:47:37.352] [DEBUG] cheese - dfssd
[2021-09-29T15:47:37.354] [DEBUG] cheese - null
[2021-09-29T15:47:37.354] [DEBUG] cheese - null
[2021-09-29T15:59:12.425] [DEBUG] cheese - login => username:admdfd,password:123456
[2021-09-29T15:59:12.425] [DEBUG] cheese - admdfd
[2021-09-29T15:59:12.428] [DEBUG] cheese - null
[2021-09-29T15:59:12.428] [DEBUG] cheese - null
[2021-09-29T15:59:13.497] [DEBUG] cheese - login => username:admdfd,password:123456
[2021-09-29T15:59:13.497] [DEBUG] cheese - admdfd
[2021-09-29T15:59:13.499] [DEBUG] cheese - null
[2021-09-29T15:59:13.499] [DEBUG] cheese - null
[2021-09-29T15:59:13.680] [DEBUG] cheese - login => username:admdfd,password:123456
[2021-09-29T15:59:13.681] [DEBUG] cheese - admdfd
[2021-09-29T15:59:13.682] [DEBUG] cheese - null
[2021-09-29T15:59:13.682] [DEBUG] cheese - null
[2021-09-29T15:59:14.074] [DEBUG] cheese - login => username:admdfd,password:123456
[2021-09-29T15:59:14.074] [DEBUG] cheese - admdfd
[2021-09-29T15:59:14.076] [DEBUG] cheese - null
[2021-09-29T15:59:14.076] [DEBUG] cheese - null
[2021-09-29T15:59:14.258] [DEBUG] cheese - login => username:admdfd,password:123456
[2021-09-29T15:59:14.258] [DEBUG] cheese - admdfd
[2021-09-29T15:59:14.260] [DEBUG] cheese - null
[2021-09-29T15:59:14.260] [DEBUG] cheese - null
[2021-09-29T15:59:14.432] [DEBUG] cheese - login => username:admdfd,password:123456
[2021-09-29T15:59:14.433] [DEBUG] cheese - admdfd
[2021-09-29T15:59:14.435] [DEBUG] cheese - null
[2021-09-29T15:59:14.435] [DEBUG] cheese - null
[2021-09-29T16:01:41.189] [DEBUG] cheese - login => username:admin,password:123456
[2021-09-29T16:01:41.189] [DEBUG] cheese - admin
[2021-09-29T16:01:41.191] [DEBUG] cheese - null
[2021-09-29T16:01:41.192] [DEBUG] cheese - null
[2021-09-29T16:01:42.561] [DEBUG] cheese - login => username:admin,password:123456
[2021-09-29T16:01:42.561] [DEBUG] cheese - admin
[2021-09-29T16:01:42.563] [DEBUG] cheese - null
[2021-09-29T16:01:42.563] [DEBUG] cheese - null
[2021-09-29T16:01:42.737] [DEBUG] cheese - login => username:admin,password:123456
[2021-09-29T16:01:42.737] [DEBUG] cheese - admin
[2021-09-29T16:01:42.739] [DEBUG] cheese - null
[2021-09-29T16:01:42.739] [DEBUG] cheese - null
[2021-09-29T16:01:42.914] [DEBUG] cheese - login => username:admin,password:123456
[2021-09-29T16:01:42.914] [DEBUG] cheese - admin
[2021-09-29T16:01:42.916] [DEBUG] cheese - null
[2021-09-29T16:01:42.916] [DEBUG] cheese - null
[2021-09-29T16:01:43.084] [DEBUG] cheese - login => username:admin,password:123456
[2021-09-29T16:01:43.084] [DEBUG] cheese - admin
[2021-09-29T16:01:43.087] [DEBUG] cheese - null
[2021-09-29T16:01:43.087] [DEBUG] cheese - null
[2021-09-29T16:02:47.789] [DEBUG] cheese - login => username:admin,password:123456
[2021-09-29T16:02:47.789] [DEBUG] cheese - admin
[2021-09-29T16:02:47.792] [DEBUG] cheese - null
[2021-09-29T16:02:47.792] [DEBUG] cheese - null
[2021-09-29T16:02:53.725] [DEBUG] cheese - login => username:admfgfghf,password:123456
[2021-09-29T16:02:53.725] [DEBUG] cheese - admfgfghf
[2021-09-29T16:02:53.728] [DEBUG] cheese - null
[2021-09-29T16:02:53.728] [DEBUG] cheese - null
[2021-09-29T16:02:54.625] [DEBUG] cheese - login => username:admfgfghf,password:123456
[2021-09-29T16:02:54.625] [DEBUG] cheese - admfgfghf
[2021-09-29T16:02:54.627] [DEBUG] cheese - null
[2021-09-29T16:02:54.627] [DEBUG] cheese - null
[2021-09-29T16:02:54.793] [DEBUG] cheese - login => username:admfgfghf,password:123456
[2021-09-29T16:02:54.793] [DEBUG] cheese - admfgfghf
[2021-09-29T16:02:54.795] [DEBUG] cheese - null
[2021-09-29T16:02:54.795] [DEBUG] cheese - null
[2021-09-29T16:02:54.955] [DEBUG] cheese - login => username:admfgfghf,password:123456
[2021-09-29T16:02:54.955] [DEBUG] cheese - admfgfghf
[2021-09-29T16:02:54.957] [DEBUG] cheese - null
[2021-09-29T16:02:54.957] [DEBUG] cheese - null
[2021-09-29T16:02:55.123] [DEBUG] cheese - login => username:admfgfghf,password:123456
[2021-09-29T16:02:55.123] [DEBUG] cheese - admfgfghf
[2021-09-29T16:02:55.125] [DEBUG] cheese - null
[2021-09-29T16:02:55.125] [DEBUG] cheese - null
[2021-09-29T16:02:55.274] [DEBUG] cheese - login => username:admfgfghf,password:123456
[2021-09-29T16:02:55.274] [DEBUG] cheese - admfgfghf
[2021-09-29T16:02:55.276] [DEBUG] cheese - null
[2021-09-29T16:02:55.276] [DEBUG] cheese - null
[2021-09-29T16:08:18.959] [DEBUG] cheese - login => username:admin,password:123456
[2021-09-29T16:08:18.959] [DEBUG] cheese - admin
[2021-09-29T16:08:18.965] [DEBUG] cheese - null
[2021-09-29T16:08:18.965] [DEBUG] cheese - null
[2021-09-29T16:09:50.875] [DEBUG] cheese - login => username:admin,password:123456
[2021-09-29T16:09:50.875] [DEBUG] cheese - admin
[2021-09-29T16:09:50.877] [DEBUG] cheese - null
[2021-09-29T16:09:50.877] [DEBUG] cheese - null
[2021-09-29T16:10:02.027] [DEBUG] cheese - login => username:admin,password:123456
[2021-09-29T16:10:02.027] [DEBUG] cheese - admin
[2021-09-29T16:10:02.029] [DEBUG] cheese - null
[2021-09-29T16:10:02.029] [DEBUG] cheese - null
[2021-09-29T16:22:12.928] [DEBUG] cheese - login => username:admfd,password:123456
[2021-09-29T16:22:12.928] [DEBUG] cheese - admfd
[2021-09-29T16:22:12.933] [DEBUG] cheese - null
[2021-09-29T16:22:12.933] [DEBUG] cheese - null
[2021-09-29T16:22:17.418] [DEBUG] cheese - login => username:admin,password:123456
[2021-09-29T16:22:17.418] [DEBUG] cheese - admin
[2021-09-29T16:22:17.421] [DEBUG] cheese - null
[2021-09-29T16:22:17.421] [DEBUG] cheese - null
[2021-09-29T16:29:39.424] [DEBUG] cheese - login => username:admin,password:123456
[2021-09-29T16:29:39.425] [DEBUG] cheese - admin
[2021-09-29T16:29:39.428] [DEBUG] cheese - null
[2021-09-29T16:29:39.428] [DEBUG] cheese - null
[2021-09-29T16:30:26.866] [DEBUG] cheese - login => username:admin,password:123456
[2021-09-29T16:30:26.866] [DEBUG] cheese - admin
[2021-09-29T16:30:26.868] [DEBUG] cheese - null
[2021-09-29T16:30:26.868] [DEBUG] cheese - null
[2021-09-29T16:53:30.168] [DEBUG] cheese - login => username:admin,password:123456
[2021-09-29T16:53:30.168] [DEBUG] cheese - admin
[2021-09-29T16:53:30.171] [DEBUG] cheese - null
[2021-09-29T16:53:30.172] [DEBUG] cheese - null
[2021-09-29T16:53:32.256] [DEBUG] cheese - login => username:admin,password:123456
[2021-09-29T16:53:32.256] [DEBUG] cheese - admin
[2021-09-29T16:53:32.258] [DEBUG] cheese - null
[2021-09-29T16:53:32.258] [DEBUG] cheese - null
[2021-09-29T16:54:29.837] [DEBUG] cheese - login => username:admin,password:123456
[2021-09-29T16:54:29.838] [DEBUG] cheese - admin
[2021-09-29T16:54:29.840] [DEBUG] cheese - null
[2021-09-29T16:54:29.840] [DEBUG] cheese - null
